This is pdfTeX, Version 3.14159265-2.6-1.40.21 (MiKTeX 20.6.29) (preloaded format=pdflatex 2020.10.9)  5 DEC 2020 10:08
entering extended mode
**"c:/Users/Wizzy/Desktop/UPT 2020-I/Calidad y pruebas de software/Unidad 2/Latex/Comparativa de API/main.tex"
("c:/Users/Wizzy/Desktop/UPT 2020-I/Calidad y pruebas de software/Unidad 2/Latex/Comparativa de API/main.tex"
LaTeX2e <2020-02-02> patch level 5
L3 programming layer <2020-06-18> ("C:\Program Files\MiKTeX\tex/latex/base\article.cls"
Document Class: article 2019/12/20 v1.4l Standard LaTeX document class
("C:\Program Files\MiKTeX\tex/latex/base\size10.clo"
File: size10.clo 2019/12/20 v1.4l Standard LaTeX file (size option)
)
\c@part=\count167
\c@section=\count168
\c@subsection=\count169
\c@subsubsection=\count170
\c@paragraph=\count171
\c@subparagraph=\count172
\c@figure=\count173
\c@table=\count174
\abovecaptionskip=\skip47
\belowcaptionskip=\skip48
\bibindent=\dimen134
) ("C:\Program Files\MiKTeX\tex/latex/blindtext\blindtext.sty"
Package: blindtext 2012/01/06 V2.0 blindtext-Package
 ("C:\Program Files\MiKTeX\tex/latex/tools\xspace.sty"
Package: xspace 2014/10/28 v1.13 Space after command names (DPC,MH)
)
\c@blindtext=\count175
\c@Blindtext=\count176
\c@blind@countparstart=\count177
\blind@countxx=\count178
\blindtext@numBlindtext=\count179
\blind@countyy=\count180
\c@blindlist=\count181
\c@blindlistlevel=\count182
\c@blindlist@level=\count183
\blind@listitem=\count184
\c@blind@listcount=\count185
\c@blind@levelcount=\count186
\blind@mathformula=\count187
\blind@Mathformula=\count188
\c@blind@randomcount=\count189
\c@blind@randommax=\count190
\c@blind@pangramcount=\count191
\c@blind@pangrammax=\count192
) ("C:\Program Files\MiKTeX\tex/latex/graphics\graphicx.sty"
Package: graphicx 2019/11/30 v1.2a Enhanced LaTeX Graphics (DPC,SPQR)
 ("C:\Program Files\MiKTeX\tex/latex/graphics\keyval.sty"
Package: keyval 2014/10/28 v1.15 key=value parser (DPC)
\KV@toks@=\toks15
) ("C:\Program Files\MiKTeX\tex/latex/graphics\graphics.sty"
Package: graphics 2019/11/30 v1.4a Standard LaTeX Graphics (DPC,SPQR)
 ("C:\Program Files\MiKTeX\tex/latex/graphics\trig.sty"
Package: trig 2016/01/03 v1.10 sin cos tan (DPC)
) ("C:\Program Files\MiKTeX\tex/latex/graphics-cfg\graphics.cfg"
File: graphics.cfg 2016/06/04 v1.11 sample graphics configuration
)
Package graphics Info: Driver file: pdftex.def on input line 105.
 ("C:\Program Files\MiKTeX\tex/latex/graphics-def\pdftex.def"
File: pdftex.def 2018/01/08 v1.0l Graphics/color driver for pdftex
))
\Gin@req@height=\dimen135
\Gin@req@width=\dimen136
) (C:\Users\Wizzy\AppData\Roaming\MiKTeX\tex/latex/psnfss\mathpazo.sty
Package: mathpazo 2020/03/25 PSNFSS-v9.3 Palatino w/ Pazo Math (D.Puga, WaS) 
\symupright=\mathgroup4
) ("C:\Program Files\MiKTeX\tex/latex/base\fontenc.sty"
Package: fontenc 2020/02/11 v2.0o Standard LaTeX package
LaTeX Font Info:    Trying to load font information for T1+pplx on input line 112.
 (C:\Users\Wizzy\AppData\Roaming\MiKTeX\tex/latex/psnfss\t1pplx.fd
File: t1pplx.fd 2004/09/06 font definitions for T1/pplx.
)) (C:\Users\Wizzy\AppData\Roaming\MiKTeX\tex/latex/microtype\microtype.sty
Package: microtype 2019/11/18 v2.7d Micro-typographical refinements (RS)
\MT@toks=\toks16
\MT@count=\count193
LaTeX Info: Redefining \textls on input line 790.
\MT@outer@kern=\dimen137
LaTeX Info: Redefining \textmicrotypecontext on input line 1354.
\MT@listname@count=\count194
 (C:\Users\Wizzy\AppData\Roaming\MiKTeX\tex/latex/microtype\microtype-pdftex.def
File: microtype-pdftex.def 2019/11/18 v2.7d Definitions specific to pdftex (RS)
LaTeX Info: Redefining \lsstyle on input line 914.
LaTeX Info: Redefining \lslig on input line 914.
\MT@outer@space=\skip49
)
Package microtype Info: Loading configuration file microtype.cfg.
 (C:\Users\Wizzy\AppData\Roaming\MiKTeX\tex/latex/microtype\microtype.cfg
File: microtype.cfg 2019/11/18 v2.7d microtype main configuration file (RS)
)) ("C:\Program Files\MiKTeX\tex/generic/babel\babel.sty"
Package: babel 2020/06/10 3.45 The Babel package
 ("C:\Program Files\MiKTeX\tex/generic/babel\babel.def"
File: babel.def 2020/06/10 3.45 Babel common definitions
\babel@savecnt=\count195
\U@D=\dimen138
\l@babelnohyphens=\language79
 ("C:\Program Files\MiKTeX\tex/generic/babel\txtbabel.def")
\bbl@readstream=\read2
)
\bbl@dirlevel=\count196

*************************************
* Local config file bblopts.cfg used
*
("C:\Program Files\MiKTeX\tex/latex/arabi\bblopts.cfg"
File: bblopts.cfg 2005/09/08 v0.1 add Arabic and Farsi to "declared" options of babel
) ("C:\Program Files\MiKTeX\tex/latex/babel-english\english.ldf"
Language: english 2017/06/06 v3.3r English support from the babel system
Package babel Info: \l@canadian = using hyphenrules for english
(babel)             (\language0) on input line 102.
Package babel Info: \l@australian = using hyphenrules for ukenglish
(babel)             (\language73) on input line 105.
Package babel Info: \l@newzealand = using hyphenrules for ukenglish
(babel)             (\language73) on input line 108.
)) (C:\Users\Wizzy\AppData\Roaming\MiKTeX\tex/latex/geometry\geometry.sty
Package: geometry 2020/01/02 v5.9 Page Geometry
 ("C:\Program Files\MiKTeX\tex/generic/iftex\ifvtex.sty"
Package: ifvtex 2019/10/25 v1.7 ifvtex legacy package. Use iftex instead.
 ("C:\Program Files\MiKTeX\tex/generic/iftex\iftex.sty"
Package: iftex 2020/03/06 v1.0d TeX engine tests
))
\Gm@cnth=\count197
\Gm@cntv=\count198
\c@Gm@tempcnt=\count199
\Gm@bindingoffset=\dimen139
\Gm@wd@mp=\dimen140
\Gm@odd@mp=\dimen141
\Gm@even@mp=\dimen142
\Gm@layoutwidth=\dimen143
\Gm@layoutheight=\dimen144
\Gm@layouthoffset=\dimen145
\Gm@layoutvoffset=\dimen146
\Gm@dimlist=\toks17
 (C:\Users\Wizzy\AppData\Roaming\MiKTeX\tex/latex/geometry\geometry.cfg)) (C:\Users\Wizzy\AppData\Roaming\MiKTeX\tex/latex/caption\caption.sty
Package: caption 2020/09/12 v3.5b Customizing captions (AR)
 (C:\Users\Wizzy\AppData\Roaming\MiKTeX\tex/latex/caption\caption3.sty
Package: caption3 2020/09/17 v2.1b caption3 kernel (AR)
\captionmargin=\dimen147
\captionmargin@=\dimen148
\captionwidth=\dimen149
\caption@tempdima=\dimen150
\caption@indent=\dimen151
\caption@parindent=\dimen152
\caption@hangindent=\dimen153
Package caption Info: Standard document class detected.
)
\c@caption@flags=\count266
\c@continuedfloat=\count267
) (C:\Users\Wizzy\AppData\Roaming\MiKTeX\tex/latex/booktabs\booktabs.sty
Package: booktabs 2020/01/12 v1.61803398 Publication quality tables
\heavyrulewidth=\dimen154
\lightrulewidth=\dimen155
\cmidrulewidth=\dimen156
\belowrulesep=\dimen157
\belowbottomsep=\dimen158
\aboverulesep=\dimen159
\abovetopsep=\dimen160
\cmidrulesep=\dimen161
\cmidrulekern=\dimen162
\defaultaddspace=\dimen163
\@cmidla=\count268
\@cmidlb=\count269
\@aboverulesep=\dimen164
\@belowrulesep=\dimen165
\@thisruleclass=\count270
\@lastruleclass=\count271
\@thisrulewidth=\dimen166
) (C:\Users\Wizzy\AppData\Roaming\MiKTeX\tex/latex/lettrine\lettrine.sty
File: lettrine.sty 2020-03-14 v2.23 (Daniel Flipo)
 (C:\Users\Wizzy\AppData\Roaming\MiKTeX\tex/generic/minifp\minifp.sty
Package: minifp 2013/12/30 v0.96. Macros for real number operations and a stack-based programing language.
\MFP@loopctr=\count272
)
\c@DefaultLines=\count273
\c@DefaultDepth=\count274
\DefaultFindent=\dimen167
\DefaultNindent=\dimen168
\DefaultSlope=\dimen169
\DiscardVskip=\dimen170
\L@lbox=\box45
\L@tbox=\box46
\c@L@lines=\count275
\c@L@depth=\count276
\L@Pindent=\dimen171
\L@Findent=\dimen172
\L@Nindent=\dimen173
\L@lraise=\dimen174
\L@first=\dimen175
\L@next=\dimen176
\L@slope=\dimen177
\L@height=\dimen178
\L@novskip=\dimen179
\L@target@ht=\dimen180
\L@target@dp=\dimen181
\L@target@tht=\dimen182
\LettrineWidth=\dimen183
\LettrineHeight=\dimen184
\LettrineDepth=\dimen185
\Llist@everypar=\toks18

Loading lettrine.cfg
(C:\Users\Wizzy\AppData\Roaming\MiKTeX\tex/latex/lettrine\lettrine.cfg)) (C:\Users\Wizzy\AppData\Roaming\MiKTeX\tex/latex/enumitem\enumitem.sty
Package: enumitem 2019/06/20 v3.9 Customized lists
\labelindent=\skip50
\enit@outerparindent=\dimen186
\enit@toks=\toks19
\enit@inbox=\box47
\enit@count@id=\count277
\enitdp@description=\count278
) (C:\Users\Wizzy\AppData\Roaming\MiKTeX\tex/latex/abstract\abstract.sty
Package: abstract 2009/06/08 v1.2a configurable abstracts
\abstitleskip=\skip51
\absleftindent=\skip52
\absrightindent=\skip53
\absparindent=\skip54
\absparsep=\skip55
) (C:\Users\Wizzy\AppData\Roaming\MiKTeX\tex/latex/titlesec\titlesec.sty
Package: titlesec 2019/10/16 v2.13 Sectioning titles
\ttl@box=\box48
\beforetitleunit=\skip56
\aftertitleunit=\skip57
\ttl@plus=\dimen187
\ttl@minus=\dimen188
\ttl@toksa=\toks20
\titlewidth=\dimen189
\titlewidthlast=\dimen190
\titlewidthfirst=\dimen191
) (C:\Users\Wizzy\AppData\Roaming\MiKTeX\tex/latex/fancyhdr\fancyhdr.sty
Package: fancyhdr 2019/01/31 v3.10 Extensive control of page headers and footers
\f@nch@headwidth=\skip58
\f@nch@O@elh=\skip59
\f@nch@O@erh=\skip60
\f@nch@O@olh=\skip61
\f@nch@O@orh=\skip62
\f@nch@O@elf=\skip63
\f@nch@O@erf=\skip64
\f@nch@O@olf=\skip65
\f@nch@O@orf=\skip66
) (C:\Users\Wizzy\AppData\Roaming\MiKTeX\tex/latex/titling\titling.sty
Package: titling 2009/09/04 v2.1d maketitle typesetting
\thanksmarkwidth=\skip67
\thanksmargin=\skip68
\droptitle=\skip69
) ("C:\Program Files\MiKTeX\tex/latex/hyperref\hyperref.sty"
Package: hyperref 2020-05-15 v7.00e Hypertext links for LaTeX
 (C:\Users\Wizzy\AppData\Roaming\MiKTeX\tex/generic/ltxcmds\ltxcmds.sty
Package: ltxcmds 2020-05-10 v1.25 LaTeX kernel commands for general use (HO)
) ("C:\Program Files\MiKTeX\tex/generic/pdftexcmds\pdftexcmds.sty"
Package: pdftexcmds 2020-06-27 v0.33 Utility functions of pdfTeX for LuaTeX (HO)
 (C:\Users\Wizzy\AppData\Roaming\MiKTeX\tex/generic/infwarerr\infwarerr.sty
Package: infwarerr 2019/12/03 v1.5 Providing info/warning/error messages (HO)
)
Package pdftexcmds Info: \pdf@primitive is available.
Package pdftexcmds Info: \pdf@ifprimitive is available.
Package pdftexcmds Info: \pdfdraftmode found.
) (C:\Users\Wizzy\AppData\Roaming\MiKTeX\tex/generic/kvsetkeys\kvsetkeys.sty
Package: kvsetkeys 2019/12/15 v1.18 Key value parser (HO)
) (C:\Users\Wizzy\AppData\Roaming\MiKTeX\tex/generic/kvdefinekeys\kvdefinekeys.sty
Package: kvdefinekeys 2019-12-19 v1.6 Define keys (HO)
) (C:\Users\Wizzy\AppData\Roaming\MiKTeX\tex/generic/pdfescape\pdfescape.sty
Package: pdfescape 2019/12/09 v1.15 Implements pdfTeX's escape features (HO)
) (C:\Users\Wizzy\AppData\Roaming\MiKTeX\tex/latex/hycolor\hycolor.sty
Package: hycolor 2020-01-27 v1.10 Color options for hyperref/bookmark (HO)
) (C:\Users\Wizzy\AppData\Roaming\MiKTeX\tex/latex/letltxmacro\letltxmacro.sty
Package: letltxmacro 2019/12/03 v1.6 Let assignment for LaTeX macros (HO)
) (C:\Users\Wizzy\AppData\Roaming\MiKTeX\tex/latex/auxhook\auxhook.sty
Package: auxhook 2019-12-17 v1.6 Hooks for auxiliary files (HO)
) (C:\Users\Wizzy\AppData\Roaming\MiKTeX\tex/latex/kvoptions\kvoptions.sty
Package: kvoptions 2019/11/29 v3.13 Key value format for package options (HO)
)
\@linkdim=\dimen192
\Hy@linkcounter=\count279
\Hy@pagecounter=\count280
 ("C:\Program Files\MiKTeX\tex/latex/hyperref\pd1enc.def"
File: pd1enc.def 2020-05-15 v7.00e Hyperref: PDFDocEncoding definition (HO)
Now handling font encoding PD1 ...
... no UTF-8 mapping file for font encoding PD1
) (C:\Users\Wizzy\AppData\Roaming\MiKTeX\tex/generic/intcalc\intcalc.sty
Package: intcalc 2019/12/15 v1.3 Expandable calculations with integers (HO)
) (C:\Users\Wizzy\AppData\Roaming\MiKTeX\tex/generic/etexcmds\etexcmds.sty
Package: etexcmds 2019/12/15 v1.7 Avoid name clashes with e-TeX commands (HO)
)
\Hy@SavedSpaceFactor=\count281
Package hyperref Info: Hyper figures OFF on input line 4464.
Package hyperref Info: Link nesting OFF on input line 4469.
Package hyperref Info: Hyper index ON on input line 4472.
Package hyperref Info: Plain pages OFF on input line 4479.
Package hyperref Info: Backreferencing OFF on input line 4484.
Package hyperref Info: Implicit mode ON; LaTeX internals redefined.
Package hyperref Info: Bookmarks ON on input line 4717.
\c@Hy@tempcnt=\count282
 ("C:\Program Files\MiKTeX\tex/latex/url\url.sty"
\Urlmuskip=\muskip16
Package: url 2013/09/16  ver 3.4  Verb mode for urls, etc.
)
LaTeX Info: Redefining \url on input line 5076.
\XeTeXLinkMargin=\dimen193
 (C:\Users\Wizzy\AppData\Roaming\MiKTeX\tex/generic/bitset\bitset.sty
Package: bitset 2019/12/09 v1.3 Handle bit-vector datatype (HO)
 (C:\Users\Wizzy\AppData\Roaming\MiKTeX\tex/generic/bigintcalc\bigintcalc.sty
Package: bigintcalc 2019/12/15 v1.5 Expandable calculations on big integers (HO)
))
\Fld@menulength=\count283
\Field@Width=\dimen194
\Fld@charsize=\dimen195
Package hyperref Info: Hyper figures OFF on input line 6347.
Package hyperref Info: Link nesting OFF on input line 6352.
Package hyperref Info: Hyper index ON on input line 6355.
Package hyperref Info: backreferencing OFF on input line 6362.
Package hyperref Info: Link coloring OFF on input line 6367.
Package hyperref Info: Link coloring with OCG OFF on input line 6372.
Package hyperref Info: PDF/A mode OFF on input line 6377.
LaTeX Info: Redefining \ref on input line 6417.
LaTeX Info: Redefining \pageref on input line 6421.
 (C:\Users\Wizzy\AppData\Roaming\MiKTeX\tex/generic/atbegshi\atbegshi.sty
Package: atbegshi 2019/12/05 v1.19 At begin shipout hook (HO)
)
\Hy@abspage=\count284
\c@Item=\count285
\c@Hfootnote=\count286
)
Package hyperref Info: Driver (autodetected): hpdftex.
 ("C:\Program Files\MiKTeX\tex/latex/hyperref\hpdftex.def"
File: hpdftex.def 2020-05-15 v7.00e Hyperref driver for pdfTeX
 (C:\Users\Wizzy\AppData\Roaming\MiKTeX\tex/latex/atveryend\atveryend.sty
Package: atveryend 2019-12-11 v1.11 Hooks at the very end of document (HO)
Package atveryend Info: \enddocument detected (standard20110627).
)
\Fld@listcount=\count287
\c@bookmark@seq@number=\count288
 (C:\Users\Wizzy\AppData\Roaming\MiKTeX\tex/latex/rerunfilecheck\rerunfilecheck.sty
Package: rerunfilecheck 2019/12/05 v1.9 Rerun checks for auxiliary files (HO)
 (C:\Users\Wizzy\AppData\Roaming\MiKTeX\tex/generic/uniquecounter\uniquecounter.sty
Package: uniquecounter 2019/12/15 v1.4 Provide unlimited unique counter (HO)
)
Package uniquecounter Info: New unique counter `rerunfilecheck' on input line 286.
)
\Hy@SectionHShift=\skip70
) ("C:\Program Files\MiKTeX\tex/latex/tools\array.sty"
Package: array 2019/08/31 v2.4l Tabular extension package (FMi)
\col@sep=\dimen196
\ar@mcellbox=\box49
\extrarowheight=\dimen197
\NC@list=\toks21
\extratabsurround=\skip71
\backup@length=\skip72
\ar@cellbox=\box50
) ("C:\Program Files\MiKTeX\tex/latex/l3backend\l3backend-pdfmode.def"
File: l3backend-pdfmode.def 2020-06-29 L3 backend support: PDF mode
\l__kernel_color_stack_int=\count289
\l__pdf_internal_box=\box51
) ("c:/Users\Wizzy\Desktop\UPT 2020-I\Calidad y pruebas de software\Unidad 2\Latex\Comparativa de API\build\main.aux")
\openout1 = `main.aux'.

LaTeX Font Info:    Checking defaults for OML/cmm/m/it on input line 71.
LaTeX Font Info:    ... okay on input line 71.
LaTeX Font Info:    Checking defaults for OMS/cmsy/m/n on input line 71.
LaTeX Font Info:    ... okay on input line 71.
LaTeX Font Info:    Checking defaults for OT1/cmr/m/n on input line 71.
LaTeX Font Info:    ... okay on input line 71.
LaTeX Font Info:    Checking defaults for T1/cmr/m/n on input line 71.
LaTeX Font Info:    ... okay on input line 71.
LaTeX Font Info:    Checking defaults for TS1/cmr/m/n on input line 71.
LaTeX Font Info:    ... okay on input line 71.
LaTeX Font Info:    Checking defaults for OMX/cmex/m/n on input line 71.
LaTeX Font Info:    ... okay on input line 71.
LaTeX Font Info:    Checking defaults for U/cmr/m/n on input line 71.
LaTeX Font Info:    ... okay on input line 71.
LaTeX Font Info:    Checking defaults for PD1/pdf/m/n on input line 71.
LaTeX Font Info:    ... okay on input line 71.
 ("C:\Program Files\MiKTeX\tex/context/base/mkii\supp-pdf.mkii"
[Loading MPS to PDF converter (version 2006.09.02).]
\scratchcounter=\count290
\scratchdimen=\dimen198
\scratchbox=\box52
\nofMPsegments=\count291
\nofMParguments=\count292
\everyMPshowfont=\toks22
\MPscratchCnt=\count293
\MPscratchDim=\dimen199
\MPnumerator=\count294
\makeMPintoPDFobject=\count295
\everyMPtoPDFconversion=\toks23
) ("C:\Program Files\MiKTeX\tex/latex/epstopdf-pkg\epstopdf-base.sty"
Package: epstopdf-base 2020-01-24 v2.11 Base part for package epstopdf
Package epstopdf-base Info: Redefining graphics rule for `.eps' on input line 485.
)
\big@size=\dimen256
LaTeX Info: Redefining \microtypecontext on input line 71.
Package microtype Info: Generating PDF output.
Package microtype Info: Character protrusion enabled (level 2).
Package microtype Info: Using default protrusion set `alltext'.
Package microtype Info: Automatic font expansion enabled (level 2),
(microtype)             stretch: 20, shrink: 20, step: 1, non-selected.
Package microtype Info: Using default expansion set `basictext'.
LaTeX Info: Redefining \showhyphens on input line 71.
Package microtype Info: No adjustment of tracking.
Package microtype Info: No adjustment of interword spacing.
Package microtype Info: No adjustment of character kerning.
 (C:\Users\Wizzy\AppData\Roaming\MiKTeX\tex/latex/microtype\mt-ppl.cfg
File: mt-ppl.cfg 2005/11/16 v1.6 microtype config. file: Palatino (RS)
)
*geometry* driver: auto-detecting
*geometry* detected driver: pdftex
*geometry* verbose mode - [ preamble ] result:
* driver: pdftex
* paper: <default>
* layout: <same size as paper>
* layoutoffset:(h,v)=(0.0pt,0.0pt)
* hratio: 1:1
* modes: twoside 
* h-part:(L,W,R)=(92.14519pt, 430.00462pt, 92.14519pt)
* v-part:(T,H,B)=(91.04881pt, 608.5238pt, 95.39737pt)
* \paperwidth=614.295pt
* \paperheight=794.96999pt
* \textwidth=430.00462pt
* \textheight=608.5238pt
* \oddsidemargin=19.8752pt
* \evensidemargin=19.8752pt
* \topmargin=-18.22118pt
* \headheight=12.0pt
* \headsep=25.0pt
* \topskip=10.0pt
* \footskip=30.0pt
* \marginparwidth=48.0pt
* \marginparsep=10.0pt
* \columnsep=20.0pt
* \skip\footins=9.0pt plus 4.0pt minus 2.0pt
* \hoffset=0.0pt
* \voffset=0.0pt
* \mag=1000
* \@twocolumntrue
* \@twosidetrue
* \@mparswitchtrue
* \@reversemarginfalse
* (1in=72.27pt=25.4mm, 1cm=28.453pt)

Package caption Info: Begin \AtBeginDocument code.
Package caption Info: hyperref package is loaded.
Package caption Info: End \AtBeginDocument code.
\AtBeginShipoutBox=\box53
Package hyperref Info: Link coloring OFF on input line 71.
("C:\Program Files\MiKTeX\tex/latex/hyperref\nameref.sty"
Package: nameref 2019/09/16 v2.46 Cross-referencing by name of section
 (C:\Users\Wizzy\AppData\Roaming\MiKTeX\tex/latex/refcount\refcount.sty
Package: refcount 2019/12/15 v3.6 Data extraction from label references (HO)
) (C:\Users\Wizzy\AppData\Roaming\MiKTeX\tex/generic/gettitlestring\gettitlestring.sty
Package: gettitlestring 2019/12/15 v1.6 Cleanup title references (HO)
)
\c@section@level=\count296
)
LaTeX Info: Redefining \ref on input line 71.
LaTeX Info: Redefining \pageref on input line 71.
LaTeX Info: Redefining \nameref on input line 71.
 ("c:/Users\Wizzy\Desktop\UPT 2020-I\Calidad y pruebas de software\Unidad 2\Latex\Comparativa de API\build\main.out") ("c:/Users\Wizzy\Desktop\UPT 2020-I\Calidad y pruebas de software\Unidad 2\Latex\Comparativa de API\build\main.out")
\@outlinefile=\write3
\openout3 = `main.out'.

LaTeX Font Info:    Trying to load font information for OT1+pplx on input line 74.
 (C:\Users\Wizzy\AppData\Roaming\MiKTeX\tex/latex/psnfss\ot1pplx.fd
File: ot1pplx.fd 2004/09/06 font definitions for OT1/pplx.
)
LaTeX Font Info:    Trying to load font information for OML+zplm on input line 74.
 (C:\Users\Wizzy\AppData\Roaming\MiKTeX\tex/latex/psnfss\omlzplm.fd
File: omlzplm.fd 2002/09/08 Fontinst v1.914 font definitions for OML/zplm.
)
LaTeX Font Info:    Trying to load font information for OMS+zplm on input line 74.
 (C:\Users\Wizzy\AppData\Roaming\MiKTeX\tex/latex/psnfss\omszplm.fd
File: omszplm.fd 2002/09/08 Fontinst v1.914 font definitions for OMS/zplm.
)
LaTeX Font Info:    Trying to load font information for OMX+zplm on input line 74.
 (C:\Users\Wizzy\AppData\Roaming\MiKTeX\tex/latex/psnfss\omxzplm.fd
File: omxzplm.fd 2002/09/08 Fontinst v1.914 font definitions for OMX/zplm.
)
LaTeX Font Info:    Trying to load font information for OT1+zplm on input line 74.
 (C:\Users\Wizzy\AppData\Roaming\MiKTeX\tex/latex/psnfss\ot1zplm.fd
File: ot1zplm.fd 2002/09/08 Fontinst v1.914 font definitions for OT1/zplm.
)
Package microtype Info: Loading generic protrusion settings for font family
(microtype)             `zplm' (encoding: OT1).
(microtype)             For optimal results, create family-specific settings.
(microtype)             See the microtype manual for details.

Underfull \hbox (badness 10000) in paragraph at lines 74--74

 []


Underfull \hbox (badness 10000) in paragraph at lines 74--74

 []


Underfull \vbox (badness 10000) has occurred while \output is active []


Overfull \vbox (42.47684pt too high) has occurred while \output is active []

 [1{C:/Users/Wizzy/AppData/Local/MiKTeX/pdftex/config/pdftex.map}


]
Package microtype Info: Character `029' is missing
(microtype)             in font `T1/pplx/m/sc/12'.
(microtype)             Ignoring protrusion settings for this character.

Underfull \hbox (badness 10000) in paragraph at lines 76--78

 []


Underfull \hbox (badness 1424) in paragraph at lines 85--90
\T1/pplx/m/n/10 (+20) un er-ror. Hay co-men-tar-ios in-stan-tá-neos
 []


Underfull \hbox (badness 10000) in paragraph at lines 85--90

 []


Underfull \hbox (badness 10000) in paragraph at lines 91--92

 []

<./img/1.png, id=32, 541.27219pt x 308.65312pt>
File: ./img/1.png Graphic file (type png)
<use ./img/1.png>
Package pdftex.def Info: ./img/1.png  used on input line 93.
(pdftex.def)             Requested size: 142.26378pt x 81.1239pt.
LaTeX Font Info:    Trying to load font information for TS1+pplx on input line 97.
(C:\Users\Wizzy\AppData\Roaming\MiKTeX\tex/latex/psnfss\ts1pplx.fd
File: ts1pplx.fd 2004/09/06 font definitions for TS1/pplx.
)
Underfull \hbox (badness 10000) in paragraph at lines 96--103

 []


Underfull \hbox (badness 1603) in paragraph at lines 104--110
[]\T1/pplx/b/n/10 LOS CON-TEN-DI-ENTES: POST-MAN E
 []


Underfull \hbox (badness 2020) in paragraph at lines 104--110
\T1/pplx/m/n/10 (+20) "El único en-torno de de-sar-rollo de API
 []


Underfull \hbox (badness 10000) in paragraph at lines 104--110

 []


Underfull \hbox (badness 1067) in paragraph at lines 111--124
[]\T1/pplx/b/n/10 BENEFICIOS DE IN-SOM-NIA Y POST-
 []

[2 <./img/1.png>]
Underfull \hbox (badness 6141) in paragraph at lines 125--133
\TS1/pplx/m/n/10 ˆ \T1/pplx/m/n/10 (+20) Mon-i-torear dónde Post-man eje-cu-tará
 []


Underfull \hbox (badness 1163) in paragraph at lines 125--133
\T1/pplx/m/n/10 (+20) simulen cada punto fi-nal y su re-spuesta
 []


Underfull \hbox (badness 10000) in paragraph at lines 125--133

 []


Underfull \vbox (badness 10000) has occurred while \output is active []

<./img/3.png, id=38, 953.81343pt x 566.86781pt>
File: ./img/3.png Graphic file (type png)
<use ./img/3.png>
Package pdftex.def Info: ./img/3.png  used on input line 139.
(pdftex.def)             Requested size: 142.26378pt x 84.55077pt.
<./img/4.png, id=39, 952.30782pt x 566.86781pt>
File: ./img/4.png Graphic file (type png)
<use ./img/4.png>
Package pdftex.def Info: ./img/4.png  used on input line 143.
(pdftex.def)             Requested size: 142.26378pt x 84.68051pt.
<./img/5.png, id=40, 953.06062pt x 566.115pt>
File: ./img/5.png Graphic file (type png)
<use ./img/5.png>
Package pdftex.def Info: ./img/5.png  used on input line 148.
(pdftex.def)             Requested size: 142.26378pt x 84.49895pt.
<./img/6.png, id=41, 953.81343pt x 564.60938pt>
File: ./img/6.png Graphic file (type png)
<use ./img/6.png>
Package pdftex.def Info: ./img/6.png  used on input line 151.
(pdftex.def)             Requested size: 142.26378pt x 84.21391pt.
<./img/7.png, id=42, 952.30782pt x 566.86781pt>
File: ./img/7.png Graphic file (type png)
<use ./img/7.png>
Package pdftex.def Info: ./img/7.png  used on input line 158.
(pdftex.def)             Requested size: 142.26378pt x 84.68051pt.
 [3 <./img/3.png> <./img/4.png> <./img/5.png> <./img/6.png>]
<./img/8.png, id=47, 951.555pt x 566.115pt>
File: ./img/8.png Graphic file (type png)
<use ./img/8.png>
Package pdftex.def Info: ./img/8.png  used on input line 161.
(pdftex.def)             Requested size: 142.26378pt x 84.63716pt.
<./img/9.png, id=48, 953.06062pt x 568.37344pt>
File: ./img/9.png Graphic file (type png)
<use ./img/9.png>
Package pdftex.def Info: ./img/9.png  used on input line 167.
(pdftex.def)             Requested size: 142.26378pt x 84.83604pt.
<./img/10.png, id=49, 954.56625pt x 563.10374pt>
File: ./img/10.png Graphic file (type png)
<use ./img/10.png>
Package pdftex.def Info: ./img/10.png  used on input line 173.
(pdftex.def)             Requested size: 142.26378pt x 83.9206pt.
<./img/11.png, id=50, 953.81343pt x 567.62062pt>
File: ./img/11.png Graphic file (type png)
<use ./img/11.png>
Package pdftex.def Info: ./img/11.png  used on input line 176.
(pdftex.def)             Requested size: 142.26378pt x 84.66304pt.

Underfull \hbox (badness 10000) in paragraph at lines 179--180

 []

<./img/12.png, id=51, 376.40625pt x 109.91063pt>
File: ./img/12.png Graphic file (type png)
<use ./img/12.png>
Package pdftex.def Info: ./img/12.png  used on input line 181.
(pdftex.def)             Requested size: 142.26378pt x 41.54173pt.
<./img/13.png, id=52, 748.29562pt x 263.48438pt>
File: ./img/13.png Graphic file (type png)
<use ./img/13.png>
Package pdftex.def Info: ./img/13.png  used on input line 194.
(pdftex.def)             Requested size: 142.26378pt x 50.09068pt.
<./img/14.png, id=53, 1410.0178pt x 562.35094pt>
File: ./img/14.png Graphic file (type png)
<use ./img/14.png>
Package pdftex.def Info: ./img/14.png  used on input line 199.
(pdftex.def)             Requested size: 142.26378pt x 56.73607pt.
<./img/15.png, id=54, 1643.3897pt x 534.49687pt>
File: ./img/15.png Graphic file (type png)
<use ./img/15.png>
Package pdftex.def Info: ./img/15.png  used on input line 204.
(pdftex.def)             Requested size: 142.26378pt x 46.2676pt.
<./img/16.png, id=55, 1644.1425pt x 527.72156pt>
File: ./img/16.png Graphic file (type png)
<use ./img/16.png>
Package pdftex.def Info: ./img/16.png  used on input line 209.
(pdftex.def)             Requested size: 142.26378pt x 45.65694pt.
[4 <./img/7.png> <./img/8.png> <./img/9.png> <./img/10.png> <./img/11.png> <./img/12.png> <./img/13.png> <./img/14.png> <./img/15.png> <./img/16.png>]
<./img/17.png, id=60, 1667.47969pt x 645.16031pt>
File: ./img/17.png Graphic file (type png)
<use ./img/17.png>
Package pdftex.def Info: ./img/17.png  used on input line 214.
(pdftex.def)             Requested size: 142.26378pt x 55.0397pt.
<./img/18.png, id=61, 1428.83812pt x 523.20468pt>
File: ./img/18.png Graphic file (type png)
<use ./img/18.png>
Package pdftex.def Info: ./img/18.png  used on input line 219.
(pdftex.def)             Requested size: 142.26378pt x 52.09201pt.

Underfull \hbox (badness 2237) in paragraph at lines 224--225
[]\T1/pplx/b/n/10 COMPARATIVA EN-TRE POST-MAN E
 []


Underfull \hbox (badness 10000) in paragraph at lines 224--225

 []


Underfull \hbox (badness 10000) in paragraph at lines 227--228

 []

<./img/19.png, id=62, 410.2828pt x 248.42813pt>
File: ./img/19.png Graphic file (type png)
<use ./img/19.png>
Package pdftex.def Info: ./img/19.png  used on input line 230.
(pdftex.def)             Requested size: 142.26378pt x 86.13992pt.

Underfull \hbox (badness 10000) in paragraph at lines 241--242

 []

<./img/20.png, id=64, 279.29344pt x 158.84344pt>
File: ./img/20.png Graphic file (type png)
<use ./img/20.png>
Package pdftex.def Info: ./img/20.png  used on input line 244.
(pdftex.def)             Requested size: 142.26378pt x 80.91212pt.

Underfull \hbox (badness 5403) in paragraph at lines 247--250
[]\T1/pplx/m/n/10 (+20) Las op-ciones de au-t-en-ti-cación fueron
 []


Underfull \hbox (badness 10000) in paragraph at lines 247--250

 []


Underfull \hbox (badness 10000) in paragraph at lines 252--253

 []

<./img/21.png, id=65, 370.38374pt x 143.78719pt>
File: ./img/21.png Graphic file (type png)
<use ./img/21.png>
Package pdftex.def Info: ./img/21.png  used on input line 255.
(pdftex.def)             Requested size: 142.26378pt x 55.22769pt.

Underfull \hbox (badness 10000) in paragraph at lines 257--262

 []


Underfull \hbox (badness 4036) in paragraph at lines 257--262
\T1/pplx/m/n/10 (+20) Insomnia per-mite al usuario crear sub-
 []


Underfull \hbox (badness 2689) in paragraph at lines 257--262
\T1/pplx/m/n/10 (+20) y Post-man pro-por-cio-nan ca-paci-dades de
 []

[5 <./img/17.png> <./img/18.png> <./img/19.png> <./img/20.png> <./img/21.png>]
Underfull \hbox (badness 10000) in paragraph at lines 263--264

 []

<./img/22.png, id=73, 381.67593pt x 274.02374pt>
File: ./img/22.png Graphic file (type png)
<use ./img/22.png>
Package pdftex.def Info: ./img/22.png  used on input line 266.
(pdftex.def)             Requested size: 142.26378pt x 102.13564pt.

Underfull \hbox (badness 10000) in paragraph at lines 271--272

 []

File: ./img/22.png Graphic file (type png)
<use ./img/22.png>
Package pdftex.def Info: ./img/22.png  used on input line 275.
(pdftex.def)             Requested size: 142.26378pt x 102.13564pt.

Underfull \hbox (badness 10000) in paragraph at lines 280--281

 []

<./img/23.png, id=74, 338.76563pt x 120.45pt>
File: ./img/23.png Graphic file (type png)
<use ./img/23.png>
Package pdftex.def Info: ./img/23.png  used on input line 287.
(pdftex.def)             Requested size: 142.26378pt x 50.58313pt.

Underfull \vbox (badness 1831) has occurred while \output is active []

 [6 <./img/22.png> <./img/23.png>]
Underfull \hbox (badness 10000) in paragraph at lines 303--305
[]\T1/pplx/m/n/10 (+20) Sharma, A. (2020). Au-to-mated
 []


Underfull \hbox (badness 10000) in paragraph at lines 303--305
\T1/pplx/m/n/10 (+20) API Test-ing with Post-man. Re-
 []


Underfull \hbox (badness 10000) in paragraph at lines 303--305
\T1/pplx/m/n/10 (+20) cu-per-ado de https://www.c-
 []


Underfull \hbox (badness 10000) in paragraph at lines 303--305
\T1/pplx/m/n/10 (+20) sharpcorner.com/article/automated-
 []


Underfull \hbox (badness 10000) in paragraph at lines 305--307
[]\T1/pplx/m/n/10 (+20) Paradigma Dig-i-tal (2020). Post-
 []


Underfull \hbox (badness 10000) in paragraph at lines 305--307
\T1/pplx/m/n/10 (+20) man: ges-tiona y con-struye tus
 []


Underfull \hbox (badness 3449) in paragraph at lines 305--307
\T1/pplx/m/n/10 (+20) APIs ráp-i-da-mente. Re-cu-per-ado de
 []


Overfull \hbox (1.78444pt too wide) in paragraph at lines 305--307
\T1/pplx/m/n/10 (-20) https://www.paradigmadigital.com/dev/ 
 []


Underfull \hbox (badness 10000) in paragraph at lines 305--307
\T1/pplx/m/n/10 (+20) postman-gestiona-construye-tus-apis-
 []


Underfull \hbox (badness 10000) in paragraph at lines 307--309
[]\T1/pplx/m/n/10 (+20) Smashing Mag-a-zine. (2020).
 []


Underfull \hbox (badness 10000) in paragraph at lines 307--309
\T1/pplx/m/n/10 (+20) How To Au-to-mate API Test-ing
 []


Underfull \hbox (badness 10000) in paragraph at lines 307--309
\T1/pplx/m/n/10 (+20) With Post-man. Re-cu-per-ado de
 []


Underfull \hbox (badness 2662) in paragraph at lines 309--311
[]\T1/pplx/m/n/10 (+20) Retz, J. (2020). In-som-nia vs Post-
 []


Underfull \hbox (badness 10000) in paragraph at lines 309--311
\T1/pplx/m/n/10 (+20) man vs Paw: Com-par-ing the
 []


Underfull \hbox (badness 5022) in paragraph at lines 309--311
\T1/pplx/m/n/10 (+20) Top API Clients. Re-cu-per-ado de
 []


Underfull \hbox (badness 10000) in paragraph at lines 313--315
\T1/pplx/m/n/10 (+20) gchai/test-your-apis-with-insomnia-rest-
 []


Underfull \hbox (badness 10000) in paragraph at lines 315--317
\T1/pplx/m/n/10 (+20) de https://www.brightest.be/test-
 []


Underfull \hbox (badness 10000) in paragraph at lines 315--317
\T1/pplx/m/n/10 (+20) automation/insomnia-not-just-another-
 []


Underfull \hbox (badness 10000) in paragraph at lines 317--319
\T1/pplx/m/n/10 (+20) getting-started-api-penetration-testing-
 []

Package atveryend Info: Empty hook `BeforeClearDocument' on input line 323.
[7]
Package atveryend Info: Empty hook `AfterLastShipout' on input line 323.
 ("c:/Users\Wizzy\Desktop\UPT 2020-I\Calidad y pruebas de software\Unidad 2\Latex\Comparativa de API\build\main.aux")
Package atveryend Info: Executing hook `AtVeryEndDocument' on input line 323.
Package atveryend Info: Executing hook `AtEndAfterFileList' on input line 323.
Package rerunfilecheck Info: File `main.out' has not changed.
(rerunfilecheck)             Checksum: B6D97037F4E8F974CE1C810DCD6AE54B;238.
Package atveryend Info: Empty hook `AtVeryVeryEnd' on input line 323.
 ) 
Here is how much of TeX's memory you used:
 11226 strings out of 480790
 177583 string characters out of 2907055
 495891 words of memory out of 3000000
 26783 multiletter control sequences out of 15000+200000
 572428 words of font info for 213 fonts, out of 3000000 for 9000
 1141 hyphenation exceptions out of 8191
 39i,10n,45p,626b,406s stack positions out of 5000i,500n,10000p,200000b,50000s
{C:/Program Files/MiKTeX/fonts/enc/dvips/base/8r.enc}<C:/Users/Wizzy/AppData/Roaming/MiKTeX/fonts/type1/public/fpl/fplrc8a.pfb><C:/Program Files/MiKTeX/fonts/type1/urw/palatino/uplb8a.pfb><C:/Program Files/MiKTeX/fonts/type1/urw/palatino/uplbi8a.pfb><C:/Program Files/MiKTeX/fonts/type1/urw/palatino/uplr8a.pfb><C:/Program Files/MiKTeX/fonts/type1/urw/palatino/uplri8a.pfb>
Output written on "c:/Users\Wizzy\Desktop\UPT 2020-I\Calidad y pruebas de software\Unidad 2\Latex\Comparativa de API\build\main.pdf" (7 pages, 1502377 bytes).
PDF statistics:
 110 PDF objects out of 1000 (max. 8388607)
 13 named destinations out of 1000 (max. 500000)
 35479 words of extra memory for PDF output out of 35830 (max. 10000000)

